2023-03-02 12:50:45.158  INFO 3304 --- [main] edu.author.AuthorspringbootApplication   : Starting AuthorspringbootApplication using Java 17.0.4 on LAPTOP-BLGNIC5O with PID 3304 (E:\STS15-SEPTEMBER2022\PROJECTS\newworkspace\authorspringboot\target\classes started by HP in E:\STS15-SEPTEMBER2022\PROJECTS\newworkspace\authorspringboot)
2023-03-02 12:50:45.161  INFO 3304 --- [main] edu.author.AuthorspringbootApplication   : No active profile set, falling back to 1 default profile: "default"
2023-03-02 12:50:45.572  INFO 3304 --- [main] .s.d.r.c.RepositoryConfigurationDelegate : Bootstrapping Spring Data JDBC repositories in DEFAULT mode.
2023-03-02 12:50:45.579  INFO 3304 --- [main] .s.d.r.c.RepositoryConfigurationDelegate : Finished Spring Data repository scanning in 4 ms. Found 0 JDBC repository interfaces.
2023-03-02 12:50:46.011  INFO 3304 --- [main] o.s.b.w.embedded.tomcat.TomcatWebServer  : Tomcat initialized with port(s): 10000 (http)
2023-03-02 12:50:46.012  INFO 3304 --- [main] o.a.catalina.core.AprLifecycleListener   : Loaded Apache Tomcat Native library [1.2.35] using APR version [1.7.0].
2023-03-02 12:50:46.012  INFO 3304 --- [main] o.a.catalina.core.AprLifecycleListener   : APR capabilities: IPv6 [true], sendfile [true], accept filters [false], random [true], UDS [true].
2023-03-02 12:50:46.012  INFO 3304 --- [main] o.a.catalina.core.AprLifecycleListener   : APR/OpenSSL configuration: useAprConnector [false], useOpenSSL [true]
2023-03-02 12:50:46.016  INFO 3304 --- [main] o.a.catalina.core.AprLifecycleListener   : OpenSSL successfully initialized [OpenSSL 1.1.1q  5 Jul 2022]
2023-03-02 12:50:46.027  INFO 3304 --- [main] o.apache.catalina.core.StandardService   : Starting service [Tomcat]
2023-03-02 12:50:46.027  INFO 3304 --- [main] org.apache.catalina.core.StandardEngine  : Starting Servlet engine: [Apache Tomcat/9.0.71]
2023-03-02 12:50:46.115  INFO 3304 --- [main] o.a.c.c.C.[Tomcat].[localhost].[/]       : Initializing Spring embedded WebApplicationContext
2023-03-02 12:50:46.115  INFO 3304 --- [main] w.s.c.ServletWebServerApplicationContext : Root WebApplicationContext: initialization completed in 914 ms
2023-03-02 12:50:46.141  INFO 3304 --- [main] com.zaxxer.hikari.HikariDataSource       : HikariPool-1 - Starting...
2023-03-02 12:50:46.336  INFO 3304 --- [main] com.zaxxer.hikari.HikariDataSource       : HikariPool-1 - Start completed.
2023-03-02 12:50:46.346  INFO 3304 --- [main] o.s.b.a.h2.H2ConsoleAutoConfiguration    : H2 console available at '/h2amitava'. Database available at 'jdbc:h2:mem:swastika'
2023-03-02 12:50:46.401  INFO 3304 --- [main] edu.author.AuthorspringbootApplication   : ---------ALL JDBC CODE RUNNING-----------------
2023-03-02 12:50:46.401  INFO 3304 --- [main] edu.author.AuthorspringbootApplication   : ---------ALL authors added Now we should store them in DB-----------------
2023-03-02 12:50:46.421  INFO 3304 --- [main] edu.author.AuthorspringbootApplication   : ---------all saved------------------
2023-03-02 12:50:46.754  INFO 3304 --- [main] o.s.b.w.embedded.tomcat.TomcatWebServer  : Tomcat started on port(s): 10000 (http) with context path ''
2023-03-02 12:50:46.762  INFO 3304 --- [main] edu.author.AuthorspringbootApplication   : Started AuthorspringbootApplication in 1.926 seconds (JVM running for 2.478)
2023-03-02 12:52:37.417  INFO 12128 --- [main] edu.author.AuthorspringbootApplication   : Starting AuthorspringbootApplication using Java 17.0.4 on LAPTOP-BLGNIC5O with PID 12128 (E:\STS15-SEPTEMBER2022\PROJECTS\newworkspace\authorspringboot\target\classes started by HP in E:\STS15-SEPTEMBER2022\PROJECTS\newworkspace\authorspringboot)
2023-03-02 12:52:37.419  INFO 12128 --- [main] edu.author.AuthorspringbootApplication   : No active profile set, falling back to 1 default profile: "default"
2023-03-02 12:52:37.904  INFO 12128 --- [main] .s.d.r.c.RepositoryConfigurationDelegate : Bootstrapping Spring Data JDBC repositories in DEFAULT mode.
2023-03-02 12:52:37.917  INFO 12128 --- [main] .s.d.r.c.RepositoryConfigurationDelegate : Finished Spring Data repository scanning in 7 ms. Found 0 JDBC repository interfaces.
2023-03-02 12:52:38.343  INFO 12128 --- [main] o.s.b.w.embedded.tomcat.TomcatWebServer  : Tomcat initialized with port(s): 10000 (http)
2023-03-02 12:52:38.345  INFO 12128 --- [main] o.a.catalina.core.AprLifecycleListener   : Loaded Apache Tomcat Native library [1.2.35] using APR version [1.7.0].
2023-03-02 12:52:38.345  INFO 12128 --- [main] o.a.catalina.core.AprLifecycleListener   : APR capabilities: IPv6 [true], sendfile [true], accept filters [false], random [true], UDS [true].
2023-03-02 12:52:38.345  INFO 12128 --- [main] o.a.catalina.core.AprLifecycleListener   : APR/OpenSSL configuration: useAprConnector [false], useOpenSSL [true]
2023-03-02 12:52:38.349  INFO 12128 --- [main] o.a.catalina.core.AprLifecycleListener   : OpenSSL successfully initialized [OpenSSL 1.1.1q  5 Jul 2022]
2023-03-02 12:52:38.359  INFO 12128 --- [main] o.apache.catalina.core.StandardService   : Starting service [Tomcat]
2023-03-02 12:52:38.360  INFO 12128 --- [main] org.apache.catalina.core.StandardEngine  : Starting Servlet engine: [Apache Tomcat/9.0.71]
2023-03-02 12:52:38.452  INFO 12128 --- [main] o.a.c.c.C.[Tomcat].[localhost].[/]       : Initializing Spring embedded WebApplicationContext
2023-03-02 12:52:38.452  INFO 12128 --- [main] w.s.c.ServletWebServerApplicationContext : Root WebApplicationContext: initialization completed in 993 ms
2023-03-02 12:52:38.491  INFO 12128 --- [main] com.zaxxer.hikari.HikariDataSource       : HikariPool-1 - Starting...
2023-03-02 12:52:38.678  INFO 12128 --- [main] com.zaxxer.hikari.HikariDataSource       : HikariPool-1 - Start completed.
2023-03-02 12:52:38.685  INFO 12128 --- [main] o.s.b.a.h2.H2ConsoleAutoConfiguration    : H2 console available at '/h2amitava'. Database available at 'jdbc:h2:mem:swastika'
2023-03-02 12:52:38.739  INFO 12128 --- [main] edu.author.AuthorspringbootApplication   : ---------ALL JDBC CODE RUNNING-----------------Thu Mar 02 12:52:38 IST 2023
2023-03-02 12:52:38.740  INFO 12128 --- [main] edu.author.AuthorspringbootApplication   : ---------ALL authors added Now we should store them in DB-----------------Thu Mar 02 12:52:38 IST 2023
2023-03-02 12:52:38.758  INFO 12128 --- [main] edu.author.AuthorspringbootApplication   : ---------all saved------------------Thu Mar 02 12:52:38 IST 2023
2023-03-02 12:52:38.767  INFO 12128 --- [main] edu.author.AuthorspringbootApplication   : ---------all are fetched in the time------------------Thu Mar 02 12:52:38 IST 2023
2023-03-02 12:52:39.156  WARN 12128 --- [main] ConfigServletWebServerApplicationContext : Exception encountered during context initialization - cancelling refresh attempt: org.springframework.context.ApplicationContextException: Failed to start bean 'webServerStartStop'; nested exception is org.springframework.boot.web.server.PortInUseException: Port 10000 is already in use
2023-03-02 12:52:39.157  INFO 12128 --- [main] com.zaxxer.hikari.HikariDataSource       : HikariPool-1 - Shutdown initiated...
2023-03-02 12:52:39.159  INFO 12128 --- [main] com.zaxxer.hikari.HikariDataSource       : HikariPool-1 - Shutdown completed.
2023-03-02 12:52:39.161  INFO 12128 --- [main] o.apache.catalina.core.StandardService   : Stopping service [Tomcat]
2023-03-02 12:52:39.170  INFO 12128 --- [main] ConditionEvaluationReportLoggingListener : 

Error starting ApplicationContext. To display the conditions report re-run your application with 'debug' enabled.
2023-03-02 12:52:39.187 ERROR 12128 --- [main] o.s.b.d.LoggingFailureAnalysisReporter   : 

***************************
APPLICATION FAILED TO START
***************************

Description:

Web server failed to start. Port 10000 was already in use.

Action:

Identify and stop the process that's listening on port 10000 or configure this application to listen on another port.

2023-03-02 12:52:41.402  INFO 3304 --- [RMI TCP Connection(12)-127.0.0.1] inMXBeanRegistrar$SpringApplicationAdmin : Application shutdown requested.
2023-03-02 12:52:41.411  INFO 3304 --- [RMI TCP Connection(12)-127.0.0.1] o.apache.catalina.core.StandardService   : Stopping service [Tomcat]
2023-03-02 12:52:41.417  INFO 3304 --- [RMI TCP Connection(12)-127.0.0.1] com.zaxxer.hikari.HikariDataSource       : HikariPool-1 - Shutdown initiated...
2023-03-02 12:52:41.419  INFO 3304 --- [RMI TCP Connection(12)-127.0.0.1] com.zaxxer.hikari.HikariDataSource       : HikariPool-1 - Shutdown completed.
2023-03-02 12:52:47.241  INFO 9644 --- [main] edu.author.AuthorspringbootApplication   : Starting AuthorspringbootApplication using Java 17.0.4 on LAPTOP-BLGNIC5O with PID 9644 (E:\STS15-SEPTEMBER2022\PROJECTS\newworkspace\authorspringboot\target\classes started by HP in E:\STS15-SEPTEMBER2022\PROJECTS\newworkspace\authorspringboot)
2023-03-02 12:52:47.243  INFO 9644 --- [main] edu.author.AuthorspringbootApplication   : No active profile set, falling back to 1 default profile: "default"
2023-03-02 12:52:47.657  INFO 9644 --- [main] .s.d.r.c.RepositoryConfigurationDelegate : Bootstrapping Spring Data JDBC repositories in DEFAULT mode.
2023-03-02 12:52:47.666  INFO 9644 --- [main] .s.d.r.c.RepositoryConfigurationDelegate : Finished Spring Data repository scanning in 5 ms. Found 0 JDBC repository interfaces.
2023-03-02 12:52:47.998  INFO 9644 --- [main] o.s.b.w.embedded.tomcat.TomcatWebServer  : Tomcat initialized with port(s): 10000 (http)
2023-03-02 12:52:47.999  INFO 9644 --- [main] o.a.catalina.core.AprLifecycleListener   : Loaded Apache Tomcat Native library [1.2.35] using APR version [1.7.0].
2023-03-02 12:52:48.000  INFO 9644 --- [main] o.a.catalina.core.AprLifecycleListener   : APR capabilities: IPv6 [true], sendfile [true], accept filters [false], random [true], UDS [true].
2023-03-02 12:52:48.000  INFO 9644 --- [main] o.a.catalina.core.AprLifecycleListener   : APR/OpenSSL configuration: useAprConnector [false], useOpenSSL [true]
2023-03-02 12:52:48.001  INFO 9644 --- [main] o.a.catalina.core.AprLifecycleListener   : OpenSSL successfully initialized [OpenSSL 1.1.1q  5 Jul 2022]
2023-03-02 12:52:48.009  INFO 9644 --- [main] o.apache.catalina.core.StandardService   : Starting service [Tomcat]
2023-03-02 12:52:48.009  INFO 9644 --- [main] org.apache.catalina.core.StandardEngine  : Starting Servlet engine: [Apache Tomcat/9.0.71]
2023-03-02 12:52:48.082  INFO 9644 --- [main] o.a.c.c.C.[Tomcat].[localhost].[/]       : Initializing Spring embedded WebApplicationContext
2023-03-02 12:52:48.083  INFO 9644 --- [main] w.s.c.ServletWebServerApplicationContext : Root WebApplicationContext: initialization completed in 800 ms
2023-03-02 12:52:48.107  INFO 9644 --- [main] com.zaxxer.hikari.HikariDataSource       : HikariPool-1 - Starting...
2023-03-02 12:52:48.260  INFO 9644 --- [main] com.zaxxer.hikari.HikariDataSource       : HikariPool-1 - Start completed.
2023-03-02 12:52:48.267  INFO 9644 --- [main] o.s.b.a.h2.H2ConsoleAutoConfiguration    : H2 console available at '/h2amitava'. Database available at 'jdbc:h2:mem:swastika'
2023-03-02 12:52:48.318  INFO 9644 --- [main] edu.author.AuthorspringbootApplication   : ---------ALL JDBC CODE RUNNING-----------------Thu Mar 02 12:52:48 IST 2023
2023-03-02 12:52:48.319  INFO 9644 --- [main] edu.author.AuthorspringbootApplication   : ---------ALL authors added Now we should store them in DB-----------------Thu Mar 02 12:52:48 IST 2023
2023-03-02 12:52:48.337  INFO 9644 --- [main] edu.author.AuthorspringbootApplication   : ---------all saved------------------Thu Mar 02 12:52:48 IST 2023
2023-03-02 12:52:48.350  INFO 9644 --- [main] edu.author.AuthorspringbootApplication   : ---------all are fetched in the time------------------Thu Mar 02 12:52:48 IST 2023
2023-03-02 12:52:48.667  INFO 9644 --- [main] o.s.b.w.embedded.tomcat.TomcatWebServer  : Tomcat started on port(s): 10000 (http) with context path ''
2023-03-02 12:52:48.675  INFO 9644 --- [main] edu.author.AuthorspringbootApplication   : Started AuthorspringbootApplication in 1.746 seconds (JVM running for 2.293)
2023-03-02 12:54:24.658  INFO 9644 --- [RMI TCP Connection(10)-127.0.0.1] inMXBeanRegistrar$SpringApplicationAdmin : Application shutdown requested.
2023-03-02 12:54:24.669  INFO 9644 --- [RMI TCP Connection(10)-127.0.0.1] o.apache.catalina.core.StandardService   : Stopping service [Tomcat]
2023-03-02 12:54:24.675  INFO 9644 --- [RMI TCP Connection(10)-127.0.0.1] com.zaxxer.hikari.HikariDataSource       : HikariPool-1 - Shutdown initiated...
2023-03-02 12:54:24.676  INFO 9644 --- [RMI TCP Connection(10)-127.0.0.1] com.zaxxer.hikari.HikariDataSource       : HikariPool-1 - Shutdown completed.
